73396894 SIZE 121 42
73567297 HOST 60
[0;33mcs244-[0;36mip-10-254-3-92:[0;35m~/stm-data⚡[0m 
74860318 USER 1
n
74860475 HOST 1
n
74964903 USER 1
a
74965019 HOST 1
a
75059413 USER 1
n
75059527 HOST 1
n
75244546 USER 1
o
75244663 HOST 1
o
76567164 USER 1
 
76567291 HOST 1
 
76716603 USER 1
t
76716720 HOST 1
t
76823271 USER 1
e
76823389 HOST 1
e
76877086 USER 1
s
76877201 HOST 1
s
76965552 USER 1
t
76965673 HOST 1
t
77140315 USER 1
.
77140430 HOST 1
.
77478886 USER 1
o
77479070 HOST 1
o
77823032 USER 1
u
77823220 HOST 1
u
77957345 USER 1
t
77957487 HOST 1
t
78172844 USER 1

78172955 HOST 2


78192721 HOST 42
[?1049h[1;42r(B[m[4l[?7h[?12l[?25h
78193205 HOST 7
[?1h=
78193408 HOST 14
[?1h=[?1h=
78195207 HOST 577
[39;49m[39;49m(B[m[H[2J(B[0;7m  GNU nano 2.2.6                            File: test.out                                                               [40;55H[ New File ][41d^G(B[m Get Help[41;21H(B[0;7m^O(B[m WriteOut[41;41H(B[0;7m^R(B[m Read File[41;61H(B[0;7m^Y(B[m Prev Page[41;81H(B[0;7m^K(B[m Cut Text[41;101H(B[0;7m^C(B[m Cur Pos[42d(B[0;7m^X(B[m Exit[42;21H(B[0;7m^J(B[m Justify[42;41H(B[0;7m^W(B[m Where Is[42;61H(B[0;7m^V(B[m Next Page[42;81H(B[0;7m^U(B[m UnCut Text[101G(B[0;7m^T(B[m To Spell[3d
79542740 USER 1
t
79543167 HOST 37
[1;112H(B[0;7mModified[3d(B[mt
79693365 USER 1
h
79693516 HOST 1
h
79860801 USER 1
i
79860957 HOST 1
i
80061225 USER 1
s
80061446 HOST 1
s
80327821 USER 1
 
80328042 HOST 1
 
80545086 USER 1
i
80545255 HOST 1
i
80661535 USER 1
s
80661681 HOST 1
s
80831650 USER 1
 
80831808 HOST 1
 
80997566 USER 1
a
80997711 HOST 1
a
81093524 USER 1
 
81093677 HOST 1
 
81245006 USER 1
t
81245155 HOST 1
t
81334929 USER 1
e
81335080 HOST 1
e
81422253 USER 1
s
81422405 HOST 1
s
81528202 USER 1
t
81528354 HOST 1
t
81704647 USER 1
 
81704808 HOST 1
 
81878454 USER 1
u
81878611 HOST 1
u
81998639 USER 1
s
81998798 HOST 1
s
82095064 USER 1
i
82095224 HOST 1
i
82183665 USER 1
n
82183826 HOST 1
n
82327523 USER 1
g
82327687 HOST 1
g
82649995 USER 1
 
82650166 HOST 1
 
83723557 USER 1
n
83723755 HOST 1
n
84532357 USER 1
a
84532529 HOST 1
a
84705159 USER 1
n
84705465 HOST 1
n
84936007 USER 1
o
84936260 HOST 1
o
85177041 USER 1
,
85177255 HOST 17
,[40d[K[3;27H
85528293 USER 1
 
85528474 HOST 1
 
85841104 USER 1
a
85841284 HOST 1
a
86396626 USER 1
 
86396811 HOST 1
 
86577523 USER 1
t
86577702 HOST 1
t
86653585 USER 1
e
86653765 HOST 1
e
86914047 USER 1
x
86914236 HOST 1
x
87000478 USER 1
t
87000660 HOST 1
t
87235839 USER 1
 
87236044 HOST 1
 
87346203 USER 1
e
87346388 HOST 1
e
87506647 USER 1
d
87506834 HOST 1
d
87634458 USER 1
i
87634647 HOST 1
i
87785699 USER 1
t
87785890 HOST 1
t
87896141 USER 1
o
87896340 HOST 1
o
88068213 USER 1
r
88068409 HOST 1
r
88677697 USER 1
.
88677912 HOST 1
.
88938576 USER 1
 
88938790 HOST 1
 
89041604 USER 1
t
89041802 HOST 1
t
89166443 USER 1
h
89166642 HOST 1
h
89281858 USER 1
e
89282058 HOST 1
e
89442183 USER 1
 
89442395 HOST 1
 
89507420 USER 1
r
89507623 HOST 1
r
89603233 USER 1
e
89603437 HOST 1
e
89755016 USER 1
a
89755312 HOST 1
a
89923092 USER 1
s
89923390 HOST 1
s
90011958 USER 1
o
90012273 HOST 1
o
90098157 USER 1
n
90098368 HOST 1
n
90299476 USER 1
 
90299717 HOST 1
 
90418932 USER 1
i
90419176 HOST 1
i
90540033 USER 1
s
90540253 HOST 1
s
90619276 USER 1
 
90619530 HOST 1
 
90827042 USER 1
b
90827264 HOST 1
b
90907137 USER 1
e
90907366 HOST 1
e
91076926 USER 1
c
91077152 HOST 1
c
91130691 USER 1
a
91130915 HOST 1
a
91262310 USER 1
u
91262537 HOST 1
u
91387834 USER 1
s
91388079 HOST 1
s
91459770 USER 1
e
91459999 HOST 1
e
91596445 USER 1
 
91596684 HOST 1
 
92013311 USER 1
e
92013603 HOST 1
e
92179918 USER 1
m
92180169 HOST 1
m
92323978 USER 1
a
92324215 HOST 1
a
92452614 USER 1
c
92452853 HOST 1
c
92558407 USER 1
s
92558646 HOST 1
s
93397998 USER 1
 
93398350 HOST 1
 
93565040 USER 1
d
93565288 HOST 1
d
93724818 USER 1
o
93725063 HOST 1
o
93846668 USER 1
e
93846915 HOST 1
e
94004525 USER 1
s
94004774 HOST 1
s
94230451 USER 1
n
94230700 HOST 1
n
94653251 USER 1
'
94653502 HOST 1
'
94781871 USER 1
t
94782178 HOST 1
t
95021318 USER 1
 
95021584 HOST 1
 
95181078 USER 1
g
95181334 HOST 1
g
95261940 USER 1
e
95262195 HOST 1
e
95374747 USER 1
t
95375007 HOST 1
t
95486094 USER 1
 
95486364 HOST 1
 
95728554 USER 1
m
95728822 HOST 1
m
95917546 USER 1
u
95917813 HOST 1
u
96045840 USER 1
c
96046105 HOST 1
c
96142084 USER 1
h
96142370 HOST 1
h
96349846 USER 1
 
96350126 HOST 1
 
96454322 USER 1
s
96454593 HOST 1
s
96558483 USER 1
a
96558752 HOST 1
a
96629439 USER 1
v
96629716 HOST 1
v
96726178 USER 1
i
96726451 HOST 1
i
96814298 USER 1
n
96814575 HOST 1
n
96917492 USER 1
g
96917791 HOST 1
g
96999229 USER 1
s
96999509 HOST 1
s
97142372 USER 1
 
97142668 HOST 1
 
97255770 USER 1
w
97256067 HOST 1
w
97371222 USER 1
i
97371505 HOST 1
i
97479278 USER 1
t
97479643 HOST 1
t
97633659 USER 1
h
97634050 HOST 1
h
97862494 USER 1
 
97862886 HOST 1
 
98070489 USER 1
m
98070864 HOST 1
m
98168969 USER 1
o
98169507 HOST 1
o
98262373 USER 1
s
98262679 HOST 1
s
98407682 USER 1
h
98408040 HOST 1
h
98791946 USER 1
.
98792365 HOST 1
.
99201304 USER 1
 
99201632 HOST 1
 
99609586 USER 1
t
99609892 HOST 1
t
99744064 USER 1
h
99744367 HOST 1
h
99832839 USER 1
a
99833151 HOST 1
a
99928188 USER 1
t
99928496 HOST 1
t
100111204 USER 1
'
100111510 HOST 1
'
100255257 USER 1
s
100255562 HOST 1
s
100407759 USER 1
 
100408199 HOST 1
 
100512172 USER 1
a
100512482 HOST 1
a
100608412 USER 1
l
100608721 HOST 1
l
100735564 USER 1
l
100735875 HOST 1
l
101009327 USER 1
.
101009645 HOST 1
.
102099399 USER 1

102099739 HOST 229
[40d(B[0;7mSave modified buffer (ANSWERING "No" WILL DESTROY CHANGES) ?                                                             [41;1H Y(B[m Yes[K[42d(B[0;7m N(B[m No  [42;17H(B[0;7m^C(B[m Cancel[K[40;62H
102387633 USER 1

103866459 USER 1
y
103866821 HOST 320
(B[0;7mFile Name to Write: test.out                                [41d^G(B[m Get Help[41;31H(B[0;7mM-D(B[m DOS Format[41;61H(B[0;7mM-A(B[m Append[41;91H(B[0;7mM-B(B[m Backup File[42d(B[0;7m^C(B[m Cancel[17G[14X[42;31H(B[0;7mM-M(B[m Mac Format[42;61H(B[0;7mM-P(B[m Prepend[40;29H
105226943 USER 1

105231185 HOST 133
[41d[39;49m(B[m[J[1;112H(B[0;7m        [40;52H(B[m[1K (B[0;7m[ Wrote 1 line ](B[m[K[42;121H[42;1H[?1049l[?1l>
105231749 HOST 60
[0;33mcs244-[0;36mip-10-254-3-92:[0;35m~/stm-data⚡[0m 
107796861 USER 1
l
107797042 HOST 1
l
108246330 USER 1
s
108246451 HOST 1
s
108395529 USER 1

108395624 HOST 2


108400683 HOST 112
basic-delay.out       iperfs2.txt       outfile2              [0m[01;32mrun-mosh.sh[0m     term-receive.cpp

108400736 HOST 258
basic-mosh-delay.out  iperfs.txt        [01;32m#replay2mosh.sh#[0m      [01;32mrun-mosh.sh~[0m    term-receive.o
basic-session.out     iperf.txt         [01;32mreplay2mosh.sh[0m        [01;32mrun-ssh.sh[0m      [01;32mterm-replay-cient-backup[0m

108400874 HOST 146
basic-ssh-delay.out   [01;32mjust-mosh.sh[0m      [01;32mreplay2mosh.sh~[0m       [01;32mrun-ssh.sh~[0m     [01;32mterm-replay-client[0m

108400917 HOST 151
delay1.out            [01;32mjust-mosh.sh~[0m     [01;32mreplay2.sh~[0m           [01;32msession-parse~[0m  [01;32mterm-replay-client-orig[0m

108401014 HOST 140
delays.log            [01;32mjust-ssh.sh[0m       [01;32mreplay2ssh.sh[0m         simplefile      [01;32mterm-replay-client-orig~[0m

108401057 HOST 245
delays.log~           [01;32mjust-ssh.sh~[0m      [01;32mreplay2ssh.sh~[0m        #simplefile#    [01;32mterm-replay-server[0m
depend                Makefile          [01;32mreplay-basic.sh[0m       simplefile~     [01;32mterm-save[0m
108401157 HOST 2


108401199 HOST 218
[01;32mh1basic.sh[0m            mosh-1.out        [01;32m#replay-test.sh#[0m      simplelog.out   term-save.cpp
h1basic.sh~           mosh-delay2.out   [01;32mreplay-test.sh[0m        ssh-delay2.out  term-save.o
108401293 HOST 2


108401335 HOST 243
[01;32m#h1.sh#[0m               mosh-delay3.out   [01;34mresults[0m               ssh-delay3.out  [01;32mterm-send[0m
[01;32mh1.sh[0m                 mosh-delay4.out   [01;34mresults3[0m              ssh-delay4.out  term-session.out
108401452 HOST 114

[01;32mh1.sh~[0m                mosh-delay.out    [01;34mresults4[0m              ssh-delay.out   test.out

108401493 HOST 139
[01;32mh2basic.sh[0m            [01;32mmoshtest.py[0m       [01;34mresults5[0m              swrite.cpp      test-session-backup.out

108401578 HOST 141
[01;32mh2.sh[0m                 [01;32mmoshtest.py~[0m      [01;34mresults6[0m              swrite.hpp      test-session-modified.out

108401672 HOST 241
[01;32mh2.sh~[0m                nano-session.out  [01;34mresults-iperf-100000[0m  swrite.o        test-session.out
iperf2.txt            outfile           [01;34mresults-old[0m           [01;32mterm-receive[0m    test-session.out~

108402474 HOST 60
[0;33mcs244-[0;36mip-10-254-3-92:[0;35m~/stm-data⚡[0m 
111921401 USER 1
e
111921547 HOST 1
e
112093005 USER 1
x
112093122 HOST 1
x
112293640 USER 1
i
112293753 HOST 1
i
112501506 USER 1
t
112501622 HOST 1
t
112710094 USER 1

112710187 HOST 2


112710412 HOST 6
exit

